<?xml version="1.0" encoding="utf-8"?><testsuites name="pytest tests"><testsuite name="pytest" errors="0" failures="0" skipped="0" tests="4" time="2.187" timestamp="2026-08-27T12:06:18.112266+00:00" hostname="agent-env-2435d2be-5562-4bbc-9189-dc6a68a95cc1"><testcase classname="tests.test_auth_flow" name="test_session_missing_header_returns_400" time="0.330" /><testcase classname="tests.test_auth_flow" name="test_me_no_auth_returns_401" time="0.242" /><testcase classname="tests.test_auth_flow" name="test_me_with_valid_token" time="0.172" /><testcase classname="tests.test_auth_flow" name="test_logout_deletes_session" time="0.667" /></testsuite></testsuites>