<?xml version="1.0" encoding="utf-8"?><testsuites name="pytest tests"><testsuite name="pytest" errors="0" failures="0" skipped="0" tests="7" time="20.637" timestamp="2026-08-27T12:35:09.925974+00:00" hostname="agent-env-2435d2be-5562-4bbc-9189-dc6a68a95cc1"><testcase classname="tests.test_hardening" name="test_team_add_returns_pin_and_stores_hash_only" time="1.747" /><testcase classname="tests.test_hardening" name="test_restaurant_response_no_pin_fields" time="1.800" /><testcase classname="tests.test_hardening" name="test_staff_login_correct_and_wrong_pin" time="2.231" /><testcase classname="tests.test_hardening" name="test_rotate_pin_isolation" time="4.002" /><testcase classname="tests.test_hardening" name="test_activity_post_and_rbac" time="2.381" /><testcase classname="tests.test_hardening" name="test_activity_missing_restaurant_400" time="0.905" /><testcase classname="tests.test_hardening" name="test_owner_allowlist_blocks_and_allows" time="7.028" /></testsuite></testsuites>