<?xml version="1.0" encoding="utf-8"?><testsuites name="pytest tests"><testsuite name="pytest" errors="0" failures="0" skipped="0" tests="12" time="8.136" timestamp="2026-08-27T13:06:32.497229+00:00" hostname="agent-env-2435d2be-5562-4bbc-9189-dc6a68a95cc1"><testcase classname="tests.test_logo_sessions.TestLogoUpload" name="test_upload_no_auth_returns_401" time="0.302" /><testcase classname="tests.test_logo_sessions.TestSessions" name="test_list_sessions_owner_current_flag" time="0.174" /><testcase classname="tests.test_logo_sessions.TestSessions" name="test_list_sessions_forbidden_for_staff" time="1.241" /><testcase classname="tests.test_logo_sessions.TestLogoUpload" name="test_upload_as_staff_returns_403" time="1.472" /><testcase classname="tests.test_logo_sessions.TestSessions" name="test_list_shows_new_staff_session" time="1.037" /><testcase classname="tests.test_logo_sessions.TestLogoUpload" name="test_upload_wrong_content_type_returns_415" time="0.444" /><testcase classname="tests.test_logo_sessions.TestLogoUpload" name="test_upload_oversize_returns_413" time="0.630" /><testcase classname="tests.test_logo_sessions.TestSessions" name="test_revoke_staff_session" time="1.301" /><testcase classname="tests.test_logo_sessions.TestLogoUpload" name="test_upload_happy_path_and_serve" time="1.302" /><testcase classname="tests.test_logo_sessions.TestSessions" name="test_revoke_own_session_returns_400" time="0.448" /><testcase classname="tests.test_logo_sessions.TestLogoUpload" name="test_delete_logo_clears_state" time="1.198" /><testcase classname="tests.test_logo_sessions.TestSessions" name="test_revoke_others" time="2.880" /></testsuite></testsuites>