<?xml version="1.0" encoding="utf-8"?><testsuites name="pytest tests"><testsuite name="pytest" errors="0" failures="0" skipped="0" tests="6" time="11.028" timestamp="2026-08-27T12:20:42.111018+00:00" hostname="agent-env-2435d2be-5562-4bbc-9189-dc6a68a95cc1"><testcase classname="tests.test_multirole" name="test_auth_me_no_cookie" time="0.308" /><testcase classname="tests.test_multirole" name="test_onboarding_flow_and_duplicate" time="1.692" /><testcase classname="tests.test_multirole" name="test_get_restaurant_returns_full" time="1.705" /><testcase classname="tests.test_multirole" name="test_team_add_and_delete" time="2.006" /><testcase classname="tests.test_multirole" name="test_patch_rotate_employee_pin" time="1.909" /><testcase classname="tests.test_multirole" name="test_staff_lookup_login_and_me" time="2.842" /></testsuite></testsuites>